<?xml version="1.0" encoding="UTF-8"?>
<coverage generated="1680718190163" clover="3.2.0">
  <project timestamp="1680718190163" name="All files">
    <metrics statements="87" coveredstatements="37" conditionals="8" coveredconditionals="0" methods="41" coveredmethods="3" elements="136" coveredelements="40" complexity="0" loc="87" ncloc="87" packages="3" files="16" classes="16"/>
    <package name="iTusk-App-Frontend-ReactNative-1">
      <metrics statements="3" coveredstatements="2" conditionals="0" coveredconditionals="0" methods="2" coveredmethods="1"/>
      <file name="App.js" path="C:\Users\ACER\iTusk-App-Frontend-ReactNative-1\App.js">
        <metrics statements="2" coveredstatements="2" conditionals="0" coveredconditionals="0" methods="1" coveredmethods="1"/>
        <line num="50" count="1" type="stmt"/>
        <line num="53" count="1" type="stmt"/>
      </file>
      <file name="index.js" path="C:\Users\ACER\iTusk-App-Frontend-ReactNative-1\index.js">
        <metrics statements="1" coveredstatements="0" conditionals="0" coveredconditionals="0" methods="1" coveredmethods="0"/>
        <line num="4" count="0" type="stmt"/>
      </file>
    </package>
    <package name="iTusk-App-Frontend-ReactNative-1.app.screens">
      <metrics statements="68" coveredstatements="25" conditionals="8" coveredconditionals="0" methods="33" coveredmethods="2"/>
      <file name="Carousel.js" path="C:\Users\ACER\iTusk-App-Frontend-ReactNative-1\app\screens\Carousel.js">
        <metrics statements="14" coveredstatements="5" conditionals="6" coveredconditionals="0" methods="6" coveredmethods="0"/>
        <line num="4" count="1" type="stmt"/>
        <line num="5" count="1" type="stmt"/>
        <line num="7" count="1" type="stmt"/>
        <line num="13" count="1" type="stmt"/>
        <line num="14" count="0" type="stmt"/>
        <line num="16" count="0" type="stmt"/>
        <line num="17" count="0" type="cond" truecount="0" falsecount="2"/>
        <line num="20" count="0" type="stmt"/>
        <line num="21" count="0" type="cond" truecount="0" falsecount="2"/>
        <line num="24" count="0" type="stmt"/>
        <line num="28" count="0" type="stmt"/>
        <line num="52" count="0" type="stmt"/>
        <line num="58" count="0" type="stmt"/>
        <line num="66" count="1" type="stmt"/>
      </file>
      <file name="EmergencyScreen.js" path="C:\Users\ACER\iTusk-App-Frontend-ReactNative-1\app\screens\EmergencyScreen.js">
        <metrics statements="2" coveredstatements="1" conditionals="0" coveredconditionals="0" methods="1" coveredmethods="0"/>
        <line num="11" count="0" type="stmt"/>
        <line num="29" count="1" type="stmt"/>
      </file>
      <file name="HomeScreen2.js" path="C:\Users\ACER\iTusk-App-Frontend-ReactNative-1\app\screens\HomeScreen2.js">
        <metrics statements="7" coveredstatements="1" conditionals="0" coveredconditionals="0" methods="5" coveredmethods="0"/>
        <line num="8" count="0" type="stmt"/>
        <line num="9" count="0" type="stmt"/>
        <line num="25" count="0" type="stmt"/>
        <line num="34" count="0" type="stmt"/>
        <line num="43" count="0" type="stmt"/>
        <line num="52" count="0" type="stmt"/>
        <line num="98" count="1" type="stmt"/>
      </file>
      <file name="MapScreen.js" path="C:\Users\ACER\iTusk-App-Frontend-ReactNative-1\app\screens\MapScreen.js">
        <metrics statements="8" coveredstatements="2" conditionals="0" coveredconditionals="0" methods="3" coveredmethods="0"/>
        <line num="5" count="1" type="stmt"/>
        <line num="6" count="0" type="stmt"/>
        <line num="13" count="0" type="stmt"/>
        <line num="14" count="0" type="stmt"/>
        <line num="17" count="0" type="stmt"/>
        <line num="18" count="0" type="stmt"/>
        <line num="22" count="0" type="stmt"/>
        <line num="69" count="1" type="stmt"/>
      </file>
      <file name="MapScreen3.js" path="C:\Users\ACER\iTusk-App-Frontend-ReactNative-1\app\screens\MapScreen3.js">
        <metrics statements="9" coveredstatements="0" conditionals="2" coveredconditionals="0" methods="4" coveredmethods="0"/>
        <line num="6" count="0" type="stmt"/>
        <line num="7" count="0" type="stmt"/>
        <line num="8" count="0" type="stmt"/>
        <line num="9" count="0" type="stmt"/>
        <line num="11" count="0" type="stmt"/>
        <line num="12" count="0" type="stmt"/>
        <line num="14" count="0" type="stmt"/>
        <line num="17" count="0" type="stmt"/>
        <line num="22" count="0" type="stmt"/>
      </file>
      <file name="NavigationPane.js" path="C:\Users\ACER\iTusk-App-Frontend-ReactNative-1\app\screens\NavigationPane.js">
        <metrics statements="3" coveredstatements="2" conditionals="0" coveredconditionals="0" methods="1" coveredmethods="0"/>
        <line num="6" count="1" type="stmt"/>
        <line num="7" count="0" type="stmt"/>
        <line num="50" count="1" type="stmt"/>
      </file>
      <file name="Notifications.js" path="C:\Users\ACER\iTusk-App-Frontend-ReactNative-1\app\screens\Notifications.js">
        <metrics statements="12" coveredstatements="6" conditionals="0" coveredconditionals="0" methods="6" coveredmethods="0"/>
        <line num="5" count="1" type="stmt"/>
        <line num="14" count="1" type="stmt"/>
        <line num="15" count="0" type="stmt"/>
        <line num="27" count="1" type="stmt"/>
        <line num="28" count="0" type="stmt"/>
        <line num="40" count="1" type="stmt"/>
        <line num="41" count="0" type="stmt"/>
        <line num="53" count="1" type="stmt"/>
        <line num="54" count="0" type="stmt"/>
        <line num="63" count="0" type="stmt"/>
        <line num="66" count="0" type="stmt"/>
        <line num="83" count="1" type="stmt"/>
      </file>
      <file name="SurvivalTips.js" path="C:\Users\ACER\iTusk-App-Frontend-ReactNative-1\app\screens\SurvivalTips.js">
        <metrics statements="7" coveredstatements="3" conditionals="0" coveredconditionals="0" methods="4" coveredmethods="0"/>
        <line num="4" count="1" type="stmt"/>
        <line num="5" count="0" type="stmt"/>
        <line num="16" count="1" type="stmt"/>
        <line num="17" count="0" type="stmt"/>
        <line num="30" count="0" type="stmt"/>
        <line num="33" count="0" type="stmt"/>
        <line num="56" count="1" type="stmt"/>
      </file>
      <file name="WelcomeScreen.js" path="C:\Users\ACER\iTusk-App-Frontend-ReactNative-1\app\screens\WelcomeScreen.js">
        <metrics statements="6" coveredstatements="5" conditionals="0" coveredconditionals="0" methods="3" coveredmethods="2"/>
        <line num="4" count="1" type="stmt"/>
        <line num="5" count="1" type="stmt"/>
        <line num="6" count="1" type="stmt"/>
        <line num="7" count="0" type="stmt"/>
        <line num="11" count="1" type="stmt"/>
        <line num="19" count="1" type="stmt"/>
      </file>
    </package>
    <package name="iTusk-App-Frontend-ReactNative-1.app.screens.EmergencyScreen">
      <metrics statements="16" coveredstatements="10" conditionals="0" coveredconditionals="0" methods="6" coveredmethods="0"/>
      <file name="Card.js" path="C:\Users\ACER\iTusk-App-Frontend-ReactNative-1\app\screens\EmergencyScreen\Card.js">
        <metrics statements="3" coveredstatements="2" conditionals="0" coveredconditionals="0" methods="1" coveredmethods="0"/>
        <line num="4" count="1" type="stmt"/>
        <line num="5" count="0" type="stmt"/>
        <line num="19" count="1" type="stmt"/>
      </file>
      <file name="CircleButton.js" path="C:\Users\ACER\iTusk-App-Frontend-ReactNative-1\app\screens\EmergencyScreen\CircleButton.js">
        <metrics statements="5" coveredstatements="3" conditionals="0" coveredconditionals="0" methods="2" coveredmethods="0"/>
        <line num="4" count="1" type="stmt"/>
        <line num="5" count="0" type="stmt"/>
        <line num="8" count="1" type="stmt"/>
        <line num="9" count="0" type="stmt"/>
        <line num="20" count="1" type="stmt"/>
      </file>
      <file name="Header.js" path="C:\Users\ACER\iTusk-App-Frontend-ReactNative-1\app\screens\EmergencyScreen\Header.js">
        <metrics statements="3" coveredstatements="2" conditionals="0" coveredconditionals="0" methods="1" coveredmethods="0"/>
        <line num="5" count="1" type="stmt"/>
        <line num="6" count="0" type="stmt"/>
        <line num="20" count="1" type="stmt"/>
      </file>
      <file name="PersonIcon.js" path="C:\Users\ACER\iTusk-App-Frontend-ReactNative-1\app\screens\EmergencyScreen\PersonIcon.js">
        <metrics statements="3" coveredstatements="2" conditionals="0" coveredconditionals="0" methods="1" coveredmethods="0"/>
        <line num="5" count="1" type="stmt"/>
        <line num="6" count="0" type="stmt"/>
        <line num="18" count="1" type="stmt"/>
      </file>
      <file name="TitleSection.js" path="C:\Users\ACER\iTusk-App-Frontend-ReactNative-1\app\screens\EmergencyScreen\TitleSection.js">
        <metrics statements="2" coveredstatements="1" conditionals="0" coveredconditionals="0" methods="1" coveredmethods="0"/>
        <line num="5" count="1" type="stmt"/>
        <line num="6" count="0" type="stmt"/>
      </file>
    </package>
  </project>
</coverage>
