{"C:\\Users\\ACER\\iTusk-App-Frontend-ReactNative-1\\App.js": {"path":"C:\\Users\\ACER\\iTusk-App-Frontend-ReactNative-1\\App.js","statementMap":{"0":{"start":{"line":50,"column":14},"end":{"line":50,"column":36}},"1":{"start":{"line":53,"column":2},"end":{"line":90,"column":4}}},"fnMap":{"0":{"name":"App","decl":{"start":{"line":52,"column":9},"end":{"line":52,"column":12}},"loc":{"start":{"line":52,"column":15},"end":{"line":91,"column":1}},"line":52}},"branchMap":{},"s":{"0":1,"1":1},"f":{"0":1},"b":{},"_coverageSchema":"1a1c01bbd47fc00a2c39e90264f33305004495a9","hash":"0b1fc6b00511c16dbc3602046c23929984d4e1d5"}
,"C:\\Users\\ACER\\iTusk-App-Frontend-ReactNative-1\\index.js": {"path":"C:\\Users\\ACER\\iTusk-App-Frontend-ReactNative-1\\index.js","statementMap":{"0":{"start":{"line":4,"column":0},"end":{"line":4,"column":54}},"1":{"start":{"line":4,"column":49},"end":{"line":4,"column":52}}},"fnMap":{"0":{"name":"(anonymous_0)","decl":{"start":{"line":4,"column":43},"end":{"line":4,"column":44}},"loc":{"start":{"line":4,"column":49},"end":{"line":4,"column":52}},"line":4}},"branchMap":{},"s":{"0":0,"1":0},"f":{"0":0},"b":{}}
,"C:\\Users\\ACER\\iTusk-App-Frontend-ReactNative-1\\app\\screens\\Carousel.js": {"path":"C:\\Users\\ACER\\iTusk-App-Frontend-ReactNative-1\\app\\screens\\Carousel.js","statementMap":{"0":{"start":{"line":4,"column":18},"end":{"line":4,"column":42}},"1":{"start":{"line":5,"column":19},"end":{"line":5,"column":30}},"2":{"start":{"line":7,"column":15},"end":{"line":11,"column":1}},"3":{"start":{"line":13,"column":17},"end":{"line":64,"column":1}},"4":{"start":{"line":14,"column":40},"end":{"line":14,"column":51}},"5":{"start":{"line":16,"column":21},"end":{"line":18,"column":3}},"6":{"start":{"line":17,"column":4},"end":{"line":17,"column":76}},"7":{"start":{"line":20,"column":21},"end":{"line":22,"column":3}},"8":{"start":{"line":21,"column":4},"end":{"line":21,"column":76}},"9":{"start":{"line":24,"column":2},"end":{"line":63,"column":4}},"10":{"start":{"line":28,"column":10},"end":{"line":35,"column":12}},"11":{"start":{"line":52,"column":10},"end":{"line":59,"column":12}},"12":{"start":{"line":58,"column":27},"end":{"line":58,"column":48}},"13":{"start":{"line":66,"column":15},"end":{"line":119,"column":2}}},"fnMap":{"0":{"name":"(anonymous_0)","decl":{"start":{"line":13,"column":17},"end":{"line":13,"column":18}},"loc":{"start":{"line":13,"column":23},"end":{"line":64,"column":1}},"line":13},"1":{"name":"(anonymous_1)","decl":{"start":{"line":16,"column":21},"end":{"line":16,"column":22}},"loc":{"start":{"line":16,"column":27},"end":{"line":18,"column":3}},"line":16},"2":{"name":"(anonymous_2)","decl":{"start":{"line":20,"column":21},"end":{"line":20,"column":22}},"loc":{"start":{"line":20,"column":27},"end":{"line":22,"column":3}},"line":20},"3":{"name":"(anonymous_3)","decl":{"start":{"line":27,"column":20},"end":{"line":27,"column":21}},"loc":{"start":{"line":28,"column":10},"end":{"line":35,"column":12}},"line":28},"4":{"name":"(anonymous_4)","decl":{"start":{"line":51,"column":20},"end":{"line":51,"column":21}},"loc":{"start":{"line":52,"column":10},"end":{"line":59,"column":12}},"line":52},"5":{"name":"(anonymous_5)","decl":{"start":{"line":58,"column":21},"end":{"line":58,"column":22}},"loc":{"start":{"line":58,"column":27},"end":{"line":58,"column":48}},"line":58}},"branchMap":{"0":{"loc":{"start":{"line":17,"column":19},"end":{"line":17,"column":74}},"type":"cond-expr","locations":[{"start":{"line":17,"column":39},"end":{"line":17,"column":56}},{"start":{"line":17,"column":59},"end":{"line":17,"column":74}}],"line":17},"1":{"loc":{"start":{"line":21,"column":19},"end":{"line":21,"column":74}},"type":"cond-expr","locations":[{"start":{"line":21,"column":55},"end":{"line":21,"column":56}},{"start":{"line":21,"column":59},"end":{"line":21,"column":74}}],"line":21},"2":{"loc":{"start":{"line":56,"column":14},"end":{"line":56,"column":61}},"type":"cond-expr","locations":[{"start":{"line":56,"column":38},"end":{"line":56,"column":54}},{"start":{"line":56,"column":57},"end":{"line":56,"column":61}}],"line":56}},"s":{"0":1,"1":1,"2":1,"3":1,"4":0,"5":0,"6":0,"7":0,"8":0,"9":0,"10":0,"11":0,"12":0,"13":1},"f":{"0":0,"1":0,"2":0,"3":0,"4":0,"5":0},"b":{"0":[0,0],"1":[0,0],"2":[0,0]},"_coverageSchema":"1a1c01bbd47fc00a2c39e90264f33305004495a9","hash":"b8e6ca4d37fe587e5a8b31a4d8d686748ebf52bb"}
,"C:\\Users\\ACER\\iTusk-App-Frontend-ReactNative-1\\app\\screens\\EmergencyScreen.js": {"path":"C:\\Users\\ACER\\iTusk-App-Frontend-ReactNative-1\\app\\screens\\EmergencyScreen.js","statementMap":{"0":{"start":{"line":11,"column":2},"end":{"line":25,"column":3}},"1":{"start":{"line":29,"column":15},"end":{"line":39,"column":2}}},"fnMap":{"0":{"name":"EmergencyScreen","decl":{"start":{"line":10,"column":9},"end":{"line":10,"column":24}},"loc":{"start":{"line":10,"column":27},"end":{"line":26,"column":1}},"line":10}},"branchMap":{},"s":{"0":0,"1":1},"f":{"0":0},"b":{},"_coverageSchema":"1a1c01bbd47fc00a2c39e90264f33305004495a9","hash":"8d56aeb20a6efb28996f9d17ec48e5c29d0f0821"}
,"C:\\Users\\ACER\\iTusk-App-Frontend-ReactNative-1\\app\\screens\\HomeScreen2.js": {"path":"C:\\Users\\ACER\\iTusk-App-Frontend-ReactNative-1\\app\\screens\\HomeScreen2.js","statementMap":{"0":{"start":{"line":8,"column":25},"end":{"line":8,"column":46}},"1":{"start":{"line":9,"column":4},"end":{"line":94,"column":6}},"2":{"start":{"line":25,"column":29},"end":{"line":25,"column":44}},"3":{"start":{"line":34,"column":29},"end":{"line":34,"column":50}},"4":{"start":{"line":43,"column":29},"end":{"line":43,"column":47}},"5":{"start":{"line":52,"column":29},"end":{"line":52,"column":45}},"6":{"start":{"line":98,"column":15},"end":{"line":264,"column":2}}},"fnMap":{"0":{"name":"(anonymous_0)","decl":{"start":{"line":7,"column":2},"end":{"line":7,"column":3}},"loc":{"start":{"line":7,"column":11},"end":{"line":95,"column":3}},"line":7},"1":{"name":"(anonymous_1)","decl":{"start":{"line":25,"column":23},"end":{"line":25,"column":24}},"loc":{"start":{"line":25,"column":29},"end":{"line":25,"column":44}},"line":25},"2":{"name":"(anonymous_2)","decl":{"start":{"line":34,"column":23},"end":{"line":34,"column":24}},"loc":{"start":{"line":34,"column":29},"end":{"line":34,"column":50}},"line":34},"3":{"name":"(anonymous_3)","decl":{"start":{"line":43,"column":23},"end":{"line":43,"column":24}},"loc":{"start":{"line":43,"column":29},"end":{"line":43,"column":47}},"line":43},"4":{"name":"(anonymous_4)","decl":{"start":{"line":52,"column":23},"end":{"line":52,"column":24}},"loc":{"start":{"line":52,"column":29},"end":{"line":52,"column":45}},"line":52}},"branchMap":{},"s":{"0":0,"1":0,"2":0,"3":0,"4":0,"5":0,"6":1},"f":{"0":0,"1":0,"2":0,"3":0,"4":0},"b":{},"_coverageSchema":"1a1c01bbd47fc00a2c39e90264f33305004495a9","hash":"e3b4d1588c4b6887bbb6f0b716cfeb360dd74e96"}
,"C:\\Users\\ACER\\iTusk-App-Frontend-ReactNative-1\\app\\screens\\MapScreen.js": {"path":"C:\\Users\\ACER\\iTusk-App-Frontend-ReactNative-1\\app\\screens\\MapScreen.js","statementMap":{"0":{"start":{"line":5,"column":18},"end":{"line":67,"column":1}},"1":{"start":{"line":6,"column":30},"end":{"line":11,"column":4}},"2":{"start":{"line":13,"column":29},"end":{"line":15,"column":3}},"3":{"start":{"line":14,"column":4},"end":{"line":14,"column":25}},"4":{"start":{"line":17,"column":22},"end":{"line":19,"column":3}},"5":{"start":{"line":18,"column":4},"end":{"line":18,"column":34}},"6":{"start":{"line":22,"column":2},"end":{"line":66,"column":4}},"7":{"start":{"line":69,"column":15},"end":{"line":132,"column":2}}},"fnMap":{"0":{"name":"(anonymous_0)","decl":{"start":{"line":5,"column":18},"end":{"line":5,"column":19}},"loc":{"start":{"line":5,"column":24},"end":{"line":67,"column":1}},"line":5},"1":{"name":"(anonymous_1)","decl":{"start":{"line":13,"column":29},"end":{"line":13,"column":30}},"loc":{"start":{"line":13,"column":44},"end":{"line":15,"column":3}},"line":13},"2":{"name":"(anonymous_2)","decl":{"start":{"line":17,"column":22},"end":{"line":17,"column":23}},"loc":{"start":{"line":17,"column":28},"end":{"line":19,"column":3}},"line":17}},"branchMap":{},"s":{"0":1,"1":0,"2":0,"3":0,"4":0,"5":0,"6":0,"7":1},"f":{"0":0,"1":0,"2":0},"b":{},"_coverageSchema":"1a1c01bbd47fc00a2c39e90264f33305004495a9","hash":"491cc9c632264eef3f5b4326e756645ef417a365"}
,"C:\\Users\\ACER\\iTusk-App-Frontend-ReactNative-1\\app\\screens\\MapScreen3.js": {"path":"C:\\Users\\ACER\\iTusk-App-Frontend-ReactNative-1\\app\\screens\\MapScreen3.js","statementMap":{"0":{"start":{"line":6,"column":18},"end":{"line":55,"column":1}},"1":{"start":{"line":7,"column":36},"end":{"line":7,"column":50}},"2":{"start":{"line":8,"column":36},"end":{"line":8,"column":104}},"3":{"start":{"line":9,"column":40},"end":{"line":9,"column":107}},"4":{"start":{"line":11,"column":4},"end":{"line":21,"column":3}},"5":{"start":{"line":12,"column":6},"end":{"line":20,"column":8}},"6":{"start":{"line":14,"column":10},"end":{"line":14,"column":39}},"7":{"start":{"line":17,"column":10},"end":{"line":17,"column":29}},"8":{"start":{"line":22,"column":4},"end":{"line":54,"column":8}}},"fnMap":{"0":{"name":"(anonymous_0)","decl":{"start":{"line":6,"column":18},"end":{"line":6,"column":19}},"loc":{"start":{"line":6,"column":24},"end":{"line":55,"column":1}},"line":6},"1":{"name":"(anonymous_1)","decl":{"start":{"line":11,"column":14},"end":{"line":11,"column":15}},"loc":{"start":{"line":11,"column":20},"end":{"line":21,"column":1}},"line":11},"2":{"name":"(anonymous_2)","decl":{"start":{"line":13,"column":8},"end":{"line":13,"column":9}},"loc":{"start":{"line":13,"column":20},"end":{"line":15,"column":9}},"line":13},"3":{"name":"(anonymous_3)","decl":{"start":{"line":16,"column":8},"end":{"line":16,"column":9}},"loc":{"start":{"line":16,"column":17},"end":{"line":18,"column":9}},"line":16}},"branchMap":{"0":{"loc":{"start":{"line":24,"column":11},"end":{"line":52,"column":11}},"type":"binary-expr","locations":[{"start":{"line":24,"column":11},"end":{"line":24,"column":19}},{"start":{"line":25,"column":12},"end":{"line":51,"column":22}}],"line":24}},"s":{"0":0,"1":0,"2":0,"3":0,"4":0,"5":0,"6":0,"7":0,"8":0},"f":{"0":0,"1":0,"2":0,"3":0},"b":{"0":[0,0]}}
,"C:\\Users\\ACER\\iTusk-App-Frontend-ReactNative-1\\app\\screens\\NavigationPane.js": {"path":"C:\\Users\\ACER\\iTusk-App-Frontend-ReactNative-1\\app\\screens\\NavigationPane.js","statementMap":{"0":{"start":{"line":6,"column":23},"end":{"line":48,"column":1}},"1":{"start":{"line":7,"column":2},"end":{"line":47,"column":4}},"2":{"start":{"line":50,"column":15},"end":{"line":92,"column":2}}},"fnMap":{"0":{"name":"(anonymous_0)","decl":{"start":{"line":6,"column":23},"end":{"line":6,"column":24}},"loc":{"start":{"line":6,"column":29},"end":{"line":48,"column":1}},"line":6}},"branchMap":{},"s":{"0":1,"1":0,"2":1},"f":{"0":0},"b":{},"_coverageSchema":"1a1c01bbd47fc00a2c39e90264f33305004495a9","hash":"3b2f09db3434a81512547e143f3dc1d2000ed154"}
,"C:\\Users\\ACER\\iTusk-App-Frontend-ReactNative-1\\app\\screens\\Notifications.js": {"path":"C:\\Users\\ACER\\iTusk-App-Frontend-ReactNative-1\\app\\screens\\Notifications.js","statementMap":{"0":{"start":{"line":5,"column":22},"end":{"line":12,"column":1}},"1":{"start":{"line":14,"column":26},"end":{"line":25,"column":1}},"2":{"start":{"line":15,"column":2},"end":{"line":24,"column":9}},"3":{"start":{"line":27,"column":26},"end":{"line":38,"column":1}},"4":{"start":{"line":28,"column":2},"end":{"line":37,"column":9}},"5":{"start":{"line":40,"column":26},"end":{"line":51,"column":1}},"6":{"start":{"line":41,"column":2},"end":{"line":50,"column":9}},"7":{"start":{"line":53,"column":25},"end":{"line":59,"column":1}},"8":{"start":{"line":54,"column":2},"end":{"line":58,"column":9}},"9":{"start":{"line":63,"column":4},"end":{"line":79,"column":8}},"10":{"start":{"line":66,"column":41},"end":{"line":66,"column":79}},"11":{"start":{"line":83,"column":15},"end":{"line":174,"column":2}}},"fnMap":{"0":{"name":"(anonymous_0)","decl":{"start":{"line":14,"column":26},"end":{"line":14,"column":27}},"loc":{"start":{"line":15,"column":2},"end":{"line":24,"column":9}},"line":15},"1":{"name":"(anonymous_1)","decl":{"start":{"line":27,"column":26},"end":{"line":27,"column":27}},"loc":{"start":{"line":28,"column":2},"end":{"line":37,"column":9}},"line":28},"2":{"name":"(anonymous_2)","decl":{"start":{"line":40,"column":26},"end":{"line":40,"column":27}},"loc":{"start":{"line":41,"column":2},"end":{"line":50,"column":9}},"line":41},"3":{"name":"(anonymous_3)","decl":{"start":{"line":53,"column":25},"end":{"line":53,"column":26}},"loc":{"start":{"line":54,"column":2},"end":{"line":58,"column":9}},"line":54},"4":{"name":"(anonymous_4)","decl":{"start":{"line":62,"column":2},"end":{"line":62,"column":3}},"loc":{"start":{"line":62,"column":11},"end":{"line":80,"column":5}},"line":62},"5":{"name":"(anonymous_5)","decl":{"start":{"line":66,"column":35},"end":{"line":66,"column":36}},"loc":{"start":{"line":66,"column":41},"end":{"line":66,"column":79}},"line":66}},"branchMap":{},"s":{"0":1,"1":1,"2":0,"3":1,"4":0,"5":1,"6":0,"7":1,"8":0,"9":0,"10":0,"11":1},"f":{"0":0,"1":0,"2":0,"3":0,"4":0,"5":0},"b":{},"_coverageSchema":"1a1c01bbd47fc00a2c39e90264f33305004495a9","hash":"97804411c8b47d367ba326110b1030d0c7de5d22"}
,"C:\\Users\\ACER\\iTusk-App-Frontend-ReactNative-1\\app\\screens\\SurvivalTips.js": {"path":"C:\\Users\\ACER\\iTusk-App-Frontend-ReactNative-1\\app\\screens\\SurvivalTips.js","statementMap":{"0":{"start":{"line":4,"column":14},"end":{"line":14,"column":1}},"1":{"start":{"line":5,"column":2},"end":{"line":13,"column":4}},"2":{"start":{"line":16,"column":14},"end":{"line":26,"column":1}},"3":{"start":{"line":17,"column":2},"end":{"line":25,"column":4}},"4":{"start":{"line":30,"column":4},"end":{"line":52,"column":4}},"5":{"start":{"line":33,"column":41},"end":{"line":33,"column":79}},"6":{"start":{"line":56,"column":15},"end":{"line":166,"column":2}}},"fnMap":{"0":{"name":"(anonymous_0)","decl":{"start":{"line":4,"column":14},"end":{"line":4,"column":15}},"loc":{"start":{"line":4,"column":55},"end":{"line":14,"column":1}},"line":4},"1":{"name":"(anonymous_1)","decl":{"start":{"line":16,"column":14},"end":{"line":16,"column":15}},"loc":{"start":{"line":16,"column":55},"end":{"line":26,"column":1}},"line":16},"2":{"name":"(anonymous_2)","decl":{"start":{"line":29,"column":2},"end":{"line":29,"column":3}},"loc":{"start":{"line":29,"column":11},"end":{"line":53,"column":1}},"line":29},"3":{"name":"(anonymous_3)","decl":{"start":{"line":33,"column":35},"end":{"line":33,"column":36}},"loc":{"start":{"line":33,"column":41},"end":{"line":33,"column":79}},"line":33}},"branchMap":{},"s":{"0":1,"1":0,"2":1,"3":0,"4":0,"5":0,"6":1},"f":{"0":0,"1":0,"2":0,"3":0},"b":{},"_coverageSchema":"1a1c01bbd47fc00a2c39e90264f33305004495a9","hash":"db0b8da65e0377de012c2cd0a2e7cf198c9cd2c5"}
,"C:\\Users\\ACER\\iTusk-App-Frontend-ReactNative-1\\app\\screens\\WelcomeScreen.js": {"path":"C:\\Users\\ACER\\iTusk-App-Frontend-ReactNative-1\\app\\screens\\WelcomeScreen.js","statementMap":{"0":{"start":{"line":4,"column":22},"end":{"line":17,"column":1}},"1":{"start":{"line":5,"column":2},"end":{"line":9,"column":9}},"2":{"start":{"line":6,"column":4},"end":{"line":8,"column":13}},"3":{"start":{"line":7,"column":6},"end":{"line":7,"column":33}},"4":{"start":{"line":11,"column":2},"end":{"line":16,"column":4}},"5":{"start":{"line":19,"column":15},"end":{"line":30,"column":2}}},"fnMap":{"0":{"name":"(anonymous_0)","decl":{"start":{"line":4,"column":22},"end":{"line":4,"column":23}},"loc":{"start":{"line":4,"column":42},"end":{"line":17,"column":1}},"line":4},"1":{"name":"(anonymous_1)","decl":{"start":{"line":5,"column":12},"end":{"line":5,"column":13}},"loc":{"start":{"line":5,"column":18},"end":{"line":9,"column":3}},"line":5},"2":{"name":"(anonymous_2)","decl":{"start":{"line":6,"column":15},"end":{"line":6,"column":16}},"loc":{"start":{"line":6,"column":21},"end":{"line":8,"column":5}},"line":6}},"branchMap":{},"s":{"0":1,"1":1,"2":1,"3":0,"4":1,"5":1},"f":{"0":1,"1":1,"2":0},"b":{},"_coverageSchema":"1a1c01bbd47fc00a2c39e90264f33305004495a9","hash":"5916f7434ffacac61229a98ad582dcecf1ab2064"}
,"C:\\Users\\ACER\\iTusk-App-Frontend-ReactNative-1\\app\\screens\\EmergencyScreen\\Card.js": {"path":"C:\\Users\\ACER\\iTusk-App-Frontend-ReactNative-1\\app\\screens\\EmergencyScreen\\Card.js","statementMap":{"0":{"start":{"line":4,"column":13},"end":{"line":17,"column":1}},"1":{"start":{"line":5,"column":2},"end":{"line":16,"column":4}},"2":{"start":{"line":19,"column":15},"end":{"line":57,"column":2}}},"fnMap":{"0":{"name":"(anonymous_0)","decl":{"start":{"line":4,"column":13},"end":{"line":4,"column":14}},"loc":{"start":{"line":4,"column":35},"end":{"line":17,"column":1}},"line":4}},"branchMap":{},"s":{"0":1,"1":0,"2":1},"f":{"0":0},"b":{},"_coverageSchema":"1a1c01bbd47fc00a2c39e90264f33305004495a9","hash":"0a81c5e6cb13aef9c980c7855dbc08d86794688a"}
,"C:\\Users\\ACER\\iTusk-App-Frontend-ReactNative-1\\app\\screens\\EmergencyScreen\\CircleButton.js": {"path":"C:\\Users\\ACER\\iTusk-App-Frontend-ReactNative-1\\app\\screens\\EmergencyScreen\\CircleButton.js","statementMap":{"0":{"start":{"line":4,"column":20},"end":{"line":6,"column":1}},"1":{"start":{"line":5,"column":2},"end":{"line":5,"column":32}},"2":{"start":{"line":8,"column":21},"end":{"line":18,"column":1}},"3":{"start":{"line":9,"column":2},"end":{"line":17,"column":4}},"4":{"start":{"line":20,"column":15},"end":{"line":51,"column":2}}},"fnMap":{"0":{"name":"(anonymous_0)","decl":{"start":{"line":4,"column":20},"end":{"line":4,"column":21}},"loc":{"start":{"line":4,"column":26},"end":{"line":6,"column":1}},"line":4},"1":{"name":"(anonymous_1)","decl":{"start":{"line":8,"column":21},"end":{"line":8,"column":22}},"loc":{"start":{"line":8,"column":27},"end":{"line":18,"column":1}},"line":8}},"branchMap":{},"s":{"0":1,"1":0,"2":1,"3":0,"4":1},"f":{"0":0,"1":0},"b":{},"_coverageSchema":"1a1c01bbd47fc00a2c39e90264f33305004495a9","hash":"af6126f92b30e58eb42cd0d4f48f233cef8cb826"}
,"C:\\Users\\ACER\\iTusk-App-Frontend-ReactNative-1\\app\\screens\\EmergencyScreen\\Header.js": {"path":"C:\\Users\\ACER\\iTusk-App-Frontend-ReactNative-1\\app\\screens\\EmergencyScreen\\Header.js","statementMap":{"0":{"start":{"line":5,"column":15},"end":{"line":18,"column":1}},"1":{"start":{"line":6,"column":4},"end":{"line":17,"column":6}},"2":{"start":{"line":20,"column":15},"end":{"line":34,"column":1}}},"fnMap":{"0":{"name":"(anonymous_0)","decl":{"start":{"line":5,"column":15},"end":{"line":5,"column":16}},"loc":{"start":{"line":5,"column":58},"end":{"line":18,"column":1}},"line":5}},"branchMap":{},"s":{"0":1,"1":0,"2":1},"f":{"0":0},"b":{},"_coverageSchema":"1a1c01bbd47fc00a2c39e90264f33305004495a9","hash":"bb45975a95c29fa1de6a5ae7d9ba7c583c7c1683"}
,"C:\\Users\\ACER\\iTusk-App-Frontend-ReactNative-1\\app\\screens\\EmergencyScreen\\PersonIcon.js": {"path":"C:\\Users\\ACER\\iTusk-App-Frontend-ReactNative-1\\app\\screens\\EmergencyScreen\\PersonIcon.js","statementMap":{"0":{"start":{"line":5,"column":19},"end":{"line":16,"column":1}},"1":{"start":{"line":6,"column":2},"end":{"line":15,"column":4}},"2":{"start":{"line":18,"column":15},"end":{"line":29,"column":2}}},"fnMap":{"0":{"name":"(anonymous_0)","decl":{"start":{"line":5,"column":19},"end":{"line":5,"column":20}},"loc":{"start":{"line":5,"column":51},"end":{"line":16,"column":1}},"line":5}},"branchMap":{},"s":{"0":1,"1":0,"2":1},"f":{"0":0},"b":{},"_coverageSchema":"1a1c01bbd47fc00a2c39e90264f33305004495a9","hash":"763205d86c3447704975c66d638a047d989d8a99"}
,"C:\\Users\\ACER\\iTusk-App-Frontend-ReactNative-1\\app\\screens\\EmergencyScreen\\TitleSection.js": {"path":"C:\\Users\\ACER\\iTusk-App-Frontend-ReactNative-1\\app\\screens\\EmergencyScreen\\TitleSection.js","statementMap":{"0":{"start":{"line":5,"column":21},"end":{"line":19,"column":1}},"1":{"start":{"line":6,"column":2},"end":{"line":18,"column":4}}},"fnMap":{"0":{"name":"(anonymous_0)","decl":{"start":{"line":5,"column":21},"end":{"line":5,"column":22}},"loc":{"start":{"line":5,"column":27},"end":{"line":19,"column":1}},"line":5}},"branchMap":{},"s":{"0":1,"1":0},"f":{"0":0},"b":{},"_coverageSchema":"1a1c01bbd47fc00a2c39e90264f33305004495a9","hash":"cc6a134d32b9f69c366784086434b6a0a3bab9df"}
}
