TN:
SF:App.js
FN:52,App
FNF:1
FNH:1
FNDA:1,App
DA:50,1
DA:53,1
LF:2
LH:2
BRF:0
BRH:0
end_of_record
TN:
SF:index.js
FN:4,(anonymous_0)
FNF:1
FNH:0
FNDA:0,(anonymous_0)
DA:4,0
LF:1
LH:0
BRF:0
BRH:0
end_of_record
TN:
SF:app\screens\Carousel.js
FN:13,(anonymous_0)
FN:16,(anonymous_1)
FN:20,(anonymous_2)
FN:27,(anonymous_3)
FN:51,(anonymous_4)
FN:58,(anonymous_5)
FNF:6
FNH:0
FNDA:0,(anonymous_0)
FNDA:0,(anonymous_1)
FNDA:0,(anonymous_2)
FNDA:0,(anonymous_3)
FNDA:0,(anonymous_4)
FNDA:0,(anonymous_5)
DA:4,1
DA:5,1
DA:7,1
DA:13,1
DA:14,0
DA:16,0
DA:17,0
DA:20,0
DA:21,0
DA:24,0
DA:28,0
DA:52,0
DA:58,0
DA:66,1
LF:14
LH:5
BRDA:17,0,0,0
BRDA:17,0,1,0
BRDA:21,1,0,0
BRDA:21,1,1,0
BRDA:56,2,0,0
BRDA:56,2,1,0
BRF:6
BRH:0
end_of_record
TN:
SF:app\screens\EmergencyScreen.js
FN:10,EmergencyScreen
FNF:1
FNH:0
FNDA:0,EmergencyScreen
DA:11,0
DA:29,1
LF:2
LH:1
BRF:0
BRH:0
end_of_record
TN:
SF:app\screens\HomeScreen2.js
FN:7,(anonymous_0)
FN:25,(anonymous_1)
FN:34,(anonymous_2)
FN:43,(anonymous_3)
FN:52,(anonymous_4)
FNF:5
FNH:0
FNDA:0,(anonymous_0)
FNDA:0,(anonymous_1)
FNDA:0,(anonymous_2)
FNDA:0,(anonymous_3)
FNDA:0,(anonymous_4)
DA:8,0
DA:9,0
DA:25,0
DA:34,0
DA:43,0
DA:52,0
DA:98,1
LF:7
LH:1
BRF:0
BRH:0
end_of_record
TN:
SF:app\screens\MapScreen.js
FN:5,(anonymous_0)
FN:13,(anonymous_1)
FN:17,(anonymous_2)
FNF:3
FNH:0
FNDA:0,(anonymous_0)
FNDA:0,(anonymous_1)
FNDA:0,(anonymous_2)
DA:5,1
DA:6,0
DA:13,0
DA:14,0
DA:17,0
DA:18,0
DA:22,0
DA:69,1
LF:8
LH:2
BRF:0
BRH:0
end_of_record
TN:
SF:app\screens\MapScreen3.js
FN:6,(anonymous_0)
FN:11,(anonymous_1)
FN:13,(anonymous_2)
FN:16,(anonymous_3)
FNF:4
FNH:0
FNDA:0,(anonymous_0)
FNDA:0,(anonymous_1)
FNDA:0,(anonymous_2)
FNDA:0,(anonymous_3)
DA:6,0
DA:7,0
DA:8,0
DA:9,0
DA:11,0
DA:12,0
DA:14,0
DA:17,0
DA:22,0
LF:9
LH:0
BRDA:24,0,0,0
BRDA:24,0,1,0
BRF:2
BRH:0
end_of_record
TN:
SF:app\screens\NavigationPane.js
FN:6,(anonymous_0)
FNF:1
FNH:0
FNDA:0,(anonymous_0)
DA:6,1
DA:7,0
DA:50,1
LF:3
LH:2
BRF:0
BRH:0
end_of_record
TN:
SF:app\screens\Notifications.js
FN:14,(anonymous_0)
FN:27,(anonymous_1)
FN:40,(anonymous_2)
FN:53,(anonymous_3)
FN:62,(anonymous_4)
FN:66,(anonymous_5)
FNF:6
FNH:0
FNDA:0,(anonymous_0)
FNDA:0,(anonymous_1)
FNDA:0,(anonymous_2)
FNDA:0,(anonymous_3)
FNDA:0,(anonymous_4)
FNDA:0,(anonymous_5)
DA:5,1
DA:14,1
DA:15,0
DA:27,1
DA:28,0
DA:40,1
DA:41,0
DA:53,1
DA:54,0
DA:63,0
DA:66,0
DA:83,1
LF:12
LH:6
BRF:0
BRH:0
end_of_record
TN:
SF:app\screens\SurvivalTips.js
FN:4,(anonymous_0)
FN:16,(anonymous_1)
FN:29,(anonymous_2)
FN:33,(anonymous_3)
FNF:4
FNH:0
FNDA:0,(anonymous_0)
FNDA:0,(anonymous_1)
FNDA:0,(anonymous_2)
FNDA:0,(anonymous_3)
DA:4,1
DA:5,0
DA:16,1
DA:17,0
DA:30,0
DA:33,0
DA:56,1
LF:7
LH:3
BRF:0
BRH:0
end_of_record
TN:
SF:app\screens\WelcomeScreen.js
FN:4,(anonymous_0)
FN:5,(anonymous_1)
FN:6,(anonymous_2)
FNF:3
FNH:2
FNDA:1,(anonymous_0)
FNDA:1,(anonymous_1)
FNDA:0,(anonymous_2)
DA:4,1
DA:5,1
DA:6,1
DA:7,0
DA:11,1
DA:19,1
LF:6
LH:5
BRF:0
BRH:0
end_of_record
TN:
SF:app\screens\EmergencyScreen\Card.js
FN:4,(anonymous_0)
FNF:1
FNH:0
FNDA:0,(anonymous_0)
DA:4,1
DA:5,0
DA:19,1
LF:3
LH:2
BRF:0
BRH:0
end_of_record
TN:
SF:app\screens\EmergencyScreen\CircleButton.js
FN:4,(anonymous_0)
FN:8,(anonymous_1)
FNF:2
FNH:0
FNDA:0,(anonymous_0)
FNDA:0,(anonymous_1)
DA:4,1
DA:5,0
DA:8,1
DA:9,0
DA:20,1
LF:5
LH:3
BRF:0
BRH:0
end_of_record
TN:
SF:app\screens\EmergencyScreen\Header.js
FN:5,(anonymous_0)
FNF:1
FNH:0
FNDA:0,(anonymous_0)
DA:5,1
DA:6,0
DA:20,1
LF:3
LH:2
BRF:0
BRH:0
end_of_record
TN:
SF:app\screens\EmergencyScreen\PersonIcon.js
FN:5,(anonymous_0)
FNF:1
FNH:0
FNDA:0,(anonymous_0)
DA:5,1
DA:6,0
DA:18,1
LF:3
LH:2
BRF:0
BRH:0
end_of_record
TN:
SF:app\screens\EmergencyScreen\TitleSection.js
FN:5,(anonymous_0)
FNF:1
FNH:0
FNDA:0,(anonymous_0)
DA:5,1
DA:6,0
LF:2
LH:1
BRF:0
BRH:0
end_of_record
